Selected compositor ID: hyprland.desktop
          Command Line: Hyprland
      Plugin/binary ID: hyprland
 Initial Desktop Names: Hyprland
                  Name: Hyprland
           Description: An intelligent dynamic tiling Wayland compositor

Created dir "/run/user/1000/systemd/user/"
Updated "wayland-session-pre@.target".
Updated "wayland-session@.target".
Updated "wayland-session-xdg-autostart@.target".
Updated "wayland-session-shutdown.target".
Updated "wayland-wm-env@.service".
Updated "wayland-wm@.service".
Updated "wayland-session-waitenv.service".
Updated "wayland-wm-app-daemon.service".
Updated "wayland-session-bindpid@.service".
Updated "app-graphical.slice".
Updated "background-graphical.slice".
Updated "session-graphical.slice".
Created unit subdir "wayland-wm-env@hyprland.desktop.service.d/"
Updated "wayland-wm-env@hyprland.desktop.service.d/50_custom.conf".
Created unit subdir "wayland-wm@hyprland.desktop.service.d/"
Updated "wayland-wm@hyprland.desktop.service.d/50_custom.conf".
Created unit subdir "app-@autostart.service.d/"
Updated "app-@autostart.service.d/slice-tweak.conf".
Created unit subdir "app-flatpak-.scope.d/"
Updated "app-flatpak-.scope.d/order-tweak.conf".
Created unit subdir "xdg-desktop-portal-gtk.service.d/"
Updated "xdg-desktop-portal-gtk.service.d/order-tweak.conf".
Created unit subdir "plasma-xdg-desktop-portal-kde.service.d/"
Updated "plasma-xdg-desktop-portal-kde.service.d/order-tweak.conf".
Reloading systemd user manager.
Starting hyprland.desktop and waiting while it is running...
Holding until PID 1506 exits
